2024-12-15 00:14:32,755 DEBUG    root            Loaded Command Group: ['gcloud', 'auth']
2024-12-15 00:14:32,757 DEBUG    root            Loaded Command Group: ['gcloud', 'auth', 'application_default']
2024-12-15 00:14:32,770 DEBUG    root            Loaded Command Group: ['gcloud', 'auth', 'application-default', 'login']
2024-12-15 00:14:32,772 DEBUG    root            Running [gcloud.auth.application-default.login] with arguments: []
2024-12-15 00:14:32,802 DEBUG    requests_oauthlib.oauth2_session Generated new state 8O3Z6xCKM7O23ASjeCA1TiEbOVgnx6.
2024-12-15 00:14:33,003 INFO     ___FILE_ONLY___ Your browser has been opened to visit:

    https://accounts.google.com/o/oauth2/auth?response_type=code&client_id=764086051850-6qr4p6gpi6hn506pt8ejuq83di341hur.apps.googleusercontent.com&redirect_uri=http%3A%2F%2Flocalhost%3A8085%2F&scope=openid+https%3A%2F%2Fwww.googleapis.com%2Fauth%2Fuserinfo.email+https%3A%2F%2Fwww.googleapis.com%2Fauth%2Fcloud-platform+https%3A%2F%2Fwww.googleapis.com%2Fauth%2Fsqlservice.login&state=8O3Z6xCKM7O23ASjeCA1TiEbOVgnx6&access_type=offline&code_challenge=PsRbh0S1loVbdbUFoqGuBt5oP6nMrlVU12AuxFm48bU&code_challenge_method=S256


2024-12-15 00:14:38,213 INFO     google_auth_oauthlib.flow "GET /?state=8O3Z6xCKM7O23ASjeCA1TiEbOVgnx6&code=4/0AanRRrsULjw4r1CKW-Tm1xLA9NaV8nvkzDw9eQlO4Pd7f42oAyEdXvohHZqNq22gKtKpvw&scope=email%20openid%20https://www.googleapis.com/auth/userinfo.email%20https://www.googleapis.com/auth/cloud-platform%20https://www.googleapis.com/auth/sqlservice.login&authuser=2&prompt=consent HTTP/1.1" 200 937
2024-12-15 00:14:38,215 DEBUG    requests_oauthlib.oauth2_session Requesting url https://oauth2.googleapis.com/token using method POST.
2024-12-15 00:14:38,215 DEBUG    requests_oauthlib.oauth2_session Supplying headers {b'Accept': b'application/json', b'Content-Type': b'application/x-www-form-urlencoded;charset=UTF-8', b'user-agent': b'google-cloud-sdk gcloud/503.0.0 command/gcloud.auth.application-default.login invocation-id/f56bb1668cf14251b9ec24ffab49639f environment/None environment-version/None client-os/MACOSX client-os-ver/24.1.0 client-pltf-arch/arm interactive/True from-script/False python/3.12.3 term/tmux-256color (Macintosh; Intel Mac OS X 24.1.0)'} and data {'grant_type': 'authorization_code', 'client_id': '764086051850-6qr4p6gpi6hn506pt8ejuq83di341hur.apps.googleusercontent.com', 'client_secret': 'd-FL95Q19q7MQmFpd7hHD0Ty', 'code': '4/0AanRRrsULjw4r1CKW-Tm1xLA9NaV8nvkzDw9eQlO4Pd7f42oAyEdXvohHZqNq22gKtKpvw', 'redirect_uri': 'http://localhost:8085/', 'code_verifier': 'dYodg.7L9jpbK0DnyP4sUrrQFuCXjBPDDSG2ON1WS3Lf_oXJjUlbdydu48t6Cn7BNmyNTS1PycxiFqqyftNQo2wyRV-yFrxiuoGmHpDnNScLMkRXaa_BEqn.jFZo7Hxg'}
2024-12-15 00:14:38,215 DEBUG    requests_oauthlib.oauth2_session Passing through key word arguments {'json': None, 'timeout': None, 'auth': None, 'verify': None, 'proxies': None}.
2024-12-15 00:14:38,226 DEBUG    urllib3.connectionpool Starting new HTTPS connection (1): oauth2.googleapis.com:443
2024-12-15 00:14:38,315 DEBUG    urllib3.connectionpool https://oauth2.googleapis.com:443 "POST /token HTTP/1.1" 200 None
2024-12-15 00:14:38,316 DEBUG    requests_oauthlib.oauth2_session Prepared fetch token request body grant_type=authorization_code&client_id=764086051850-6qr4p6gpi6hn506pt8ejuq83di341hur.apps.googleusercontent.com&client_secret=d-FL95Q19q7MQmFpd7hHD0Ty&code=4%2F0AanRRrsULjw4r1CKW-Tm1xLA9NaV8nvkzDw9eQlO4Pd7f42oAyEdXvohHZqNq22gKtKpvw&redirect_uri=http%3A%2F%2Flocalhost%3A8085%2F&code_verifier=dYodg.7L9jpbK0DnyP4sUrrQFuCXjBPDDSG2ON1WS3Lf_oXJjUlbdydu48t6Cn7BNmyNTS1PycxiFqqyftNQo2wyRV-yFrxiuoGmHpDnNScLMkRXaa_BEqn.jFZo7Hxg
2024-12-15 00:14:38,316 DEBUG    requests_oauthlib.oauth2_session Request to fetch token completed with status 200.
2024-12-15 00:14:38,316 DEBUG    requests_oauthlib.oauth2_session Request headers were {'user-agent': b'google-cloud-sdk gcloud/503.0.0 command/gcloud.auth.application-default.login invocation-id/f56bb1668cf14251b9ec24ffab49639f environment/None environment-version/None client-os/MACOSX client-os-ver/24.1.0 client-pltf-arch/arm interactive/True from-script/False python/3.12.3 term/tmux-256color (Macintosh; Intel Mac OS X 24.1.0)', 'Accept-Encoding': 'gzip, deflate', 'Accept': b'application/json', 'Connection': 'keep-alive', 'Content-Type': b'application/x-www-form-urlencoded;charset=UTF-8', 'Content-Length': '421'}
2024-12-15 00:14:38,317 DEBUG    requests_oauthlib.oauth2_session Request body was grant_type=authorization_code&client_id=764086051850-6qr4p6gpi6hn506pt8ejuq83di341hur.apps.googleusercontent.com&client_secret=d-FL95Q19q7MQmFpd7hHD0Ty&code=4%2F0AanRRrsULjw4r1CKW-Tm1xLA9NaV8nvkzDw9eQlO4Pd7f42oAyEdXvohHZqNq22gKtKpvw&redirect_uri=http%3A%2F%2Flocalhost%3A8085%2F&code_verifier=dYodg.7L9jpbK0DnyP4sUrrQFuCXjBPDDSG2ON1WS3Lf_oXJjUlbdydu48t6Cn7BNmyNTS1PycxiFqqyftNQo2wyRV-yFrxiuoGmHpDnNScLMkRXaa_BEqn.jFZo7Hxg
2024-12-15 00:14:38,317 DEBUG    requests_oauthlib.oauth2_session Response headers were {'Expires': 'Mon, 01 Jan 1990 00:00:00 GMT', 'Cache-Control': 'no-cache, no-store, max-age=0, must-revalidate', 'Date': 'Sat, 14 Dec 2024 23:14:38 GMT', 'Pragma': 'no-cache', 'Content-Type': 'application/json; charset=utf-8', 'Vary': 'Origin, X-Origin, Referer', 'Content-Encoding': 'gzip', 'Server': 'scaffolding on HTTPServer2', 'X-XSS-Protection': '0', 'X-Frame-Options': 'SAMEORIGIN', 'X-Content-Type-Options': 'nosniff', 'Alt-Svc': 'h3=":443"; ma=2592000,h3-29=":443"; ma=2592000', 'Transfer-Encoding': 'chunked'} and content {
  "access_token": "ya29.a0ARW5m74r75JA4RNuCOvckKh9HcrCN1hwMCVLmGsq73-a5cNj5ovYJSHq5f1QMpmvOwkgiZb7D1WWqL95c3899SsUD_aV4auh2v7AtW1MUwycHPnSLnLILIT3HqOThObTc2jIowHNJfHR8nAVlYM-C0krcY57xf61IYD300DjaCgYKAZESARESFQHGX2Mi6X8gCfuj5kY4Rhfxj95KRg0175",
  "expires_in": 3599,
  "refresh_token": "1//09CIrGqhQ68IsCgYIARAAGAkSNwF-L9Irov5P0UNglrc_48HjxbCM19nPf7HrqD_z16Fk3q_DrjidiLje6-G29Aat5oeSc01mftM",
  "scope": "https://www.googleapis.com/auth/cloud-platform https://www.googleapis.com/auth/userinfo.email openid https://www.googleapis.com/auth/sqlservice.login",
  "token_type": "Bearer",
  "id_token": "eyJhbGciOiJSUzI1NiIsImtpZCI6IjU2NGZlYWNlYzNlYmRmYWE3MzExYjlkOGU3M2M0MjgxOGYyOTEyNjQiLCJ0eXAiOiJKV1QifQ.eyJpc3MiOiJodHRwczovL2FjY291bnRzLmdvb2dsZS5jb20iLCJhenAiOiI3NjQwODYwNTE4NTAtNnFyNHA2Z3BpNmhuNTA2cHQ4ZWp1cTgzZGkzNDFodXIuYXBwcy5nb29nbGV1c2VyY29udGVudC5jb20iLCJhdWQiOiI3NjQwODYwNTE4NTAtNnFyNHA2Z3BpNmhuNTA2cHQ4ZWp1cTgzZGkzNDFodXIuYXBwcy5nb29nbGV1c2VyY29udGVudC5jb20iLCJzdWIiOiIxMDE3NDU3NTI4OTMzNzAyOTA1OTMiLCJlbWFpbCI6InJvbGFuZHBlZWxlbkBnbWFpbC5jb20iLCJlbWFpbF92ZXJpZmllZCI6dHJ1ZSwiYXRfaGFzaCI6IkNUS2NZTmNlNWhiSlBIN3dQWE0yQ0EiLCJpYXQiOjE3MzQyMTgwNzgsImV4cCI6MTczNDIyMTY3OH0.HVeT3-9d02-QjCdhrfdZSbwF2FB5TaUwTzBsMu-7Pvq7qVO5ejVlSk-eOReIc100qUEPW1KPSeGuvrbgyCIlANm85ev4FSfdFEuzBV7MXEirP54uOBYp2YSrPYi_p_445MtZxdyacg6pPPbm0YFASrsn9lOqKaSEyJEd7dujp3KJZFcqTjDF4g2WP3u45Nt8Jl2YkwQTxM-VymYkvJ08GUaOv3ihNpY_Jp1GG1bTGfCessHMvEXQl5EftS-mFs5WuqmaMMNmBLB2ksCE2ugUCEhyTthxJ3IsDbbwU8pnxohhV-PQD0atPKPhu-DTREaZhF876CFkgrW1vTHftQ-XlQ"
}.
2024-12-15 00:14:38,317 DEBUG    requests_oauthlib.oauth2_session Invoking 0 token response hooks.
2024-12-15 00:14:38,317 DEBUG    requests_oauthlib.oauth2_session Obtained token {'access_token': 'ya29.a0ARW5m74r75JA4RNuCOvckKh9HcrCN1hwMCVLmGsq73-a5cNj5ovYJSHq5f1QMpmvOwkgiZb7D1WWqL95c3899SsUD_aV4auh2v7AtW1MUwycHPnSLnLILIT3HqOThObTc2jIowHNJfHR8nAVlYM-C0krcY57xf61IYD300DjaCgYKAZESARESFQHGX2Mi6X8gCfuj5kY4Rhfxj95KRg0175', 'expires_in': 3599, 'refresh_token': '1//09CIrGqhQ68IsCgYIARAAGAkSNwF-L9Irov5P0UNglrc_48HjxbCM19nPf7HrqD_z16Fk3q_DrjidiLje6-G29Aat5oeSc01mftM', 'scope': ['https://www.googleapis.com/auth/cloud-platform', 'https://www.googleapis.com/auth/userinfo.email', 'openid', 'https://www.googleapis.com/auth/sqlservice.login'], 'token_type': 'Bearer', 'id_token': 'eyJhbGciOiJSUzI1NiIsImtpZCI6IjU2NGZlYWNlYzNlYmRmYWE3MzExYjlkOGU3M2M0MjgxOGYyOTEyNjQiLCJ0eXAiOiJKV1QifQ.eyJpc3MiOiJodHRwczovL2FjY291bnRzLmdvb2dsZS5jb20iLCJhenAiOiI3NjQwODYwNTE4NTAtNnFyNHA2Z3BpNmhuNTA2cHQ4ZWp1cTgzZGkzNDFodXIuYXBwcy5nb29nbGV1c2VyY29udGVudC5jb20iLCJhdWQiOiI3NjQwODYwNTE4NTAtNnFyNHA2Z3BpNmhuNTA2cHQ4ZWp1cTgzZGkzNDFodXIuYXBwcy5nb29nbGV1c2VyY29udGVudC5jb20iLCJzdWIiOiIxMDE3NDU3NTI4OTMzNzAyOTA1OTMiLCJlbWFpbCI6InJvbGFuZHBlZWxlbkBnbWFpbC5jb20iLCJlbWFpbF92ZXJpZmllZCI6dHJ1ZSwiYXRfaGFzaCI6IkNUS2NZTmNlNWhiSlBIN3dQWE0yQ0EiLCJpYXQiOjE3MzQyMTgwNzgsImV4cCI6MTczNDIyMTY3OH0.HVeT3-9d02-QjCdhrfdZSbwF2FB5TaUwTzBsMu-7Pvq7qVO5ejVlSk-eOReIc100qUEPW1KPSeGuvrbgyCIlANm85ev4FSfdFEuzBV7MXEirP54uOBYp2YSrPYi_p_445MtZxdyacg6pPPbm0YFASrsn9lOqKaSEyJEd7dujp3KJZFcqTjDF4g2WP3u45Nt8Jl2YkwQTxM-VymYkvJ08GUaOv3ihNpY_Jp1GG1bTGfCessHMvEXQl5EftS-mFs5WuqmaMMNmBLB2ksCE2ugUCEhyTthxJ3IsDbbwU8pnxohhV-PQD0atPKPhu-DTREaZhF876CFkgrW1vTHftQ-XlQ', 'expires_at': 1734221677.3173592}.
2024-12-15 00:14:38,323 INFO     ___FILE_ONLY___ 
Credentials saved to file: [/Users/rwjpeelen/.config/gcloud/application_default_credentials.json]

2024-12-15 00:14:38,324 INFO     ___FILE_ONLY___ 
These credentials will be used by any library that requests Application Default Credentials (ADC).

2024-12-15 00:14:38,332 INFO     root            Using alternate credentials from file: [/Users/rwjpeelen/.config/gcloud/application_default_credentials.json]
2024-12-15 00:14:38,336 DEBUG    google.auth.transport.requests Making request: POST https://oauth2.googleapis.com/token
2024-12-15 00:14:38,337 DEBUG    urllib3.connectionpool Starting new HTTPS connection (1): oauth2.googleapis.com:443
2024-12-15 00:14:38,381 DEBUG    urllib3.connectionpool https://oauth2.googleapis.com:443 "POST /token HTTP/1.1" 200 None
2024-12-15 00:14:38,386 INFO     root            Using alternate credentials from file: [/Users/rwjpeelen/.config/gcloud/application_default_credentials.json]
2024-12-15 00:14:38,403 DEBUG    urllib3.connectionpool Starting new HTTPS connection (1): cloudresourcemanager.googleapis.com:443
2024-12-15 00:14:39,069 DEBUG    urllib3.connectionpool https://cloudresourcemanager.googleapis.com:443 "POST /v1/projects/tpcc-444519:testIamPermissions?alt=json HTTP/1.1" 200 None
2024-12-15 00:14:39,080 INFO     ___FILE_ONLY___ 
Quota project "tpcc-444519" was added to ADC which can be used by Google client libraries for billing and quota. Note that some services may still bill the project owning the resource.

2024-12-15 00:14:39,083 DEBUG    root            Chosen display Format:none
2024-12-15 00:14:39,084 INFO     root            Display format: "none"
